1624035666272	geckodriver	INFO	Listening on 127.0.0.1:54846
1624035669304	mozrunner::runner	INFO	Running command: "C:\\Program Files\\Mozilla Firefox\\firefox.exe" "--marionette" "-foreground" "-no-remote" "-profile" "C:\\Users\\szpet\\AppData\\Local\\Temp\\rust_mozprofileeJAwro"
1624035669916	Marionette	INFO	Marionette enabled
console.warn: SearchSettings: "get: No settings file exists, new profile?" (new NotFoundError("Could not open the file at C:\\Users\\szpet\\AppData\\Local\\Temp\\rust_mozprofileeJAwro\\search.json.mozlz4", (void 0)))
1624035673126	Marionette	INFO	Listening on port 54854
1624035673490	Marionette	WARN	TLS certificate errors will be ignored for this session
1624035727228	Marionette	INFO	Stopped listening on port 54854

###!!! [Child][RunMessage] Error: Channel closing: too late to send/recv, messages will be lost

1624035801574	geckodriver	INFO	Listening on 127.0.0.1:54935
1624035804621	mozrunner::runner	INFO	Running command: "C:\\Program Files\\Mozilla Firefox\\firefox.exe" "--marionette" "-foreground" "-no-remote" "-profile" "C:\\Users\\szpet\\AppData\\Local\\Temp\\rust_mozprofile2jFx4d"
1624035805088	Marionette	INFO	Marionette enabled
console.warn: SearchSettings: "get: No settings file exists, new profile?" (new NotFoundError("Could not open the file at C:\\Users\\szpet\\AppData\\Local\\Temp\\rust_mozprofile2jFx4d\\search.json.mozlz4", (void 0)))
1624035808061	Marionette	INFO	Listening on port 54943
1624035808324	Marionette	WARN	TLS certificate errors will be ignored for this session
1624035900549	Marionette	INFO	Stopped listening on port 54943

###!!! [Child][RunMessage] Error: Channel closing: too late to send/recv, messages will be lost

1624035956082	geckodriver	INFO	Listening on 127.0.0.1:62671
1624035959126	mozrunner::runner	INFO	Running command: "C:\\Program Files\\Mozilla Firefox\\firefox.exe" "--marionette" "-foreground" "-no-remote" "-profile" "C:\\Users\\szpet\\AppData\\Local\\Temp\\rust_mozprofilevo8END"
1624035959623	Marionette	INFO	Marionette enabled
console.warn: SearchSettings: "get: No settings file exists, new profile?" (new NotFoundError("Could not open the file at C:\\Users\\szpet\\AppData\\Local\\Temp\\rust_mozprofilevo8END\\search.json.mozlz4", (void 0)))
1624035963092	Marionette	INFO	Listening on port 62680
1624035963318	Marionette	WARN	TLS certificate errors will be ignored for this session
1624036041416	Marionette	INFO	Stopped listening on port 62680

###!!! [Child][RunMessage] Error: Channel closing: too late to send/recv, messages will be lost

1624278125531	geckodriver	INFO	Listening on 127.0.0.1:50485
1624278128590	mozrunner::runner	INFO	Running command: "C:\\Program Files\\Mozilla Firefox\\firefox.exe" "--marionette" "-foreground" "-no-remote" "-profile" "C:\\Users\\szpet\\AppData\\Local\\Temp\\rust_mozprofiletvjonb"
1624278129134	Marionette	INFO	Marionette enabled
console.warn: SearchSettings: "get: No settings file exists, new profile?" (new NotFoundError("Could not open the file at C:\\Users\\szpet\\AppData\\Local\\Temp\\rust_mozprofiletvjonb\\search.json.mozlz4", (void 0)))
1624278132279	Marionette	INFO	Listening on port 56064
1624278132796	Marionette	WARN	TLS certificate errors will be ignored for this session
JavaScript error: , line 0: NS_ERROR_NOT_AVAILABLE
1624279195869	Marionette	INFO	Stopped listening on port 56064

###!!! [Child][RunMessage] Error: Channel closing: too late to send/recv, messages will be lost

 "C:\\Users\\szpet\\AppData\\Local\\Temp\\rust_mozprofilecn7mYV"
1624278240026	Marionette	INFO	Marionette enabled
console.warn: SearchSettings: "get: No settings file exists, new profile?" (new NotFoundError("Could not open the file at C:\\Users\\szpet\\AppData\\Local\\Temp\\rust_mozprofilecn7mYV\\search.json.mozlz4", (void 0)))
1624278242957	Marionette	INFO	Listening on port 61733
1624278243258	Marionette	WARN	TLS certificate errors will be ignored for this session
JavaScript warning: https://ajax.googleapis.com/ajax/libs/jquery/2.0.3/jquery.min.js, line 2: Using //@ to indicate sourceMappingURL pragmas is deprecated. Use //# instead
JavaScript warning: https://ajax.googleapis.com/ajax/libs/jquery/2.0.3/jquery.min.js, line 2: Using //@ to indicate sourceMappingURL pragmas is deprecated. Use //# instead
JavaScript warning: https://secure-us.imrworldwide.com/novms/js/2/ggcmb390.js, line 1: unreachable code after return statement
console.warn: LoginRecipes: "getRecipes: falling back to a synchronous message for:" "https://www.starwars.com"
JavaScript error: resource://devtools/server/actors/network-monitor/network-event-actor.js, line 108: Error: Got a request https://www.gstatic.com/recaptcha/releases/FDTCuNjXhn1sV0lk31aK53uB/styles__ltr.css without a browsingContextID set
JavaScript error: resource://devtools/server/actors/network-monitor/network-event-actor.js, line 108: Error: Got a request https://static-mh.content.disney.io/starwars/assets/application-95064a91d0d0.css without a browsingContextID set
JavaScript error: resource://devtools/server/actors/network-monitor/network-event-actor.js, line 108: Error: Got a request https://static-mh.content.disney.io/starwars/assets/modals-41174f76c6de.css without a browsingContextID set
JavaScript error: resource://devtools/server/actors/network-monitor/network-event-actor.js, line 108: Error: Got a request https://static-mh.content.disney.io/starwars/assets/modules-a0a3c7fa4f8f.css without a browsingContextID set
JavaScript error: resource://devtools/server/actors/network-monitor/network-event-actor.js, line 108: Error: Got a request https://static-mh.content.disney.io/starwars/assets/portals/www.starwars.com/application-d41d8cd98f00.css without a browsingContextID set
JavaScript error: resource://devtools/server/actors/network-monitor/network-event-actor.js, line 108: Error: Got a request https://static-mh.content.disney.io/matterhorn/assets/goc/basic-9413d7f28cf5.css without a browsingContextID set
SourceActor threw an exception: [Exception... "Component returned failure code: 0x80470002 (NS_BASE_STREAM_CLOSED) [nsIInputStream.available]"  nsresult: "0x80470002 (NS_BASE_STREAM_CLOSED)"  location: "JS frame :: resource://devtools/shared/DevToolsUtils.js :: onResponse :: line 567"  data: no]
Stack: onResponse@resource://devtools/shared/DevToolsUtils.js:567:34
onStopRequest@resource://gre/modules/NetUtil.jsm:128:18
Line: 567, column: 0
console.error: ({})
JavaScript error: resource://devtools/shared/DevToolsUtils.js, line 567: NS_BASE_STREAM_CLOSED: Component returned failure code: 0x80470002 (NS_BASE_STREAM_CLOSED) [nsIInputStream.available]
1624278346281	Marionette	INFO	Stopped listening on port 61733

###!!! [Child][RunMessage] Error: Channel closing: too late to send/recv, messages will be lost

1624278658998	geckodriver	INFO	Listening on 127.0.0.1:57532
1624278662074	mozrunner::runner	INFO	Running command: "C:\\Program Files\\Mozilla Firefox\\firefox.exe" "--marionette" "-foreground" "-no-remote" "-profile" "C:\\Users\\szpet\\AppData\\Local\\Temp\\rust_mozprofilePmkP9o"
1624278662569	Marionette	INFO	Marionette enabled
console.warn: SearchSettings: "get: No settings file exists, new profile?" (new NotFoundError("Could not open the file at C:\\Users\\szpet\\AppData\\Local\\Temp\\rust_mozprofilePmkP9o\\search.json.mozlz4", (void 0)))
1624278665903	Marionette	INFO	Listening on port 57275
1624278666266	Marionette	WARN	TLS certificate errors will be ignored for this session
JavaScript warning: https://ajax.googleapis.com/ajax/libs/jquery/2.0.3/jquery.min.js, line 2: Using //@ to indicate sourceMappingURL pragmas is deprecated. Use //# instead
JavaScript warning: https://ajax.googleapis.com/ajax/libs/jquery/2.0.3/jquery.min.js, line 2: Using //@ to indicate sourceMappingURL pragmas is deprecated. Use //# instead
[Parent 9524, IPC I/O Parent] WARNING: file /builds/worker/checkouts/gecko/ipc/chromium/src/base/process_util_win.cc:167
JavaScript warning: https://secure-us.imrworldwide.com/novms/js/2/ggcmb390.js, line 1: unreachable code after return statement
JavaScript warning: https://ajax.googleapis.com/ajax/libs/jquery/2.0.3/jquery.min.js, line 2: Using //@ to indicate sourceMappingURL pragmas is deprecated. Use //# instead
JavaScript warning: https://ajax.googleapis.com/ajax/libs/jquery/2.0.3/jquery.min.js, line 2: Using //@ to indicate sourceMappingURL pragmas is deprecated. Use //# instead
JavaScript warning: https://secure-us.imrworldwide.com/novms/js/2/ggcmb390.js, line 1: unreachable code after return statement
JavaScript error: resource://devtools/server/actors/network-monitor/network-event-actor.js, line 108: Error: Got a request https://www.gstatic.com/recaptcha/releases/FDTCuNjXhn1sV0lk31aK53uB/styles__ltr.css without a browsingContextID set
SourceActor threw an exception: [Exception... "Component returned failure code: 0x80470002 (NS_BASE_STREAM_CLOSED) [nsIInputStream.available]"  nsresult: "0x80470002 (NS_BASE_STREAM_CLOSED)"  location: "JS frame :: resource://devtools/shared/DevToolsUtils.js :: onResponse :: line 567"  data: no]
Stack: onResponse@resource://devtools/shared/DevToolsUtils.js:567:34
onStopRequest@resource://gre/modules/NetUtil.jsm:128:18
Line: 567, column: 0
console.error: ({})
JavaScript error: resource://devtools/shared/DevToolsUtils.js, line 567: NS_BASE_STREAM_CLOSED: Component returned failure code: 0x80470002 (NS_BASE_STREAM_CLOSED) [nsIInputStream.available]
1624278835766	Marionette	INFO	Stopped listening on port 57275
4278784567	mozrunner::runner	INFO	Running command: "C:\\Program Files\\Mozilla Firefox\\firefox.exe" "--marionette" "-foreground" "-no-remote" "-profile" "C:\\Users\\szpet\\AppData\\Local\\Temp\\rust_mozprofilepxY032"
1624278785075	Marionette	INFO	Marionette enabled
console.warn: SearchSettings: "get: No settings file exists, new profile?" (new NotFoundError("Could not open the file at C:\\Users\\szpet\\AppData\\Local\\Temp\\rust_mozprofilepxY032\\search.json.mozlz4", (void 0)))
1624278788202	Marionette	INFO	Listening on port 61924
1624278788282	Marionette	WARN	TLS certificate errors will be ignored for this session
JavaScript warning: https://ajax.googleapis.com/ajax/libs/jquery/2.0.3/jquery.min.js, line 2: Using //@ to indicate sourceMappingURL pragmas is deprecated. Use //# instead
JavaScript warning: https://ajax.googleapis.com/ajax/libs/jquery/2.0.3/jquery.min.js, line 2: Using //@ to indicate sourceMappingURL pragmas is deprecated. Use //# instead
JavaScript warning: https://secure-us.imrworldwide.com/novms/js/2/ggcmb390.js, line 1: unreachable code after return statement
1624278834976	Marionette	INFO	Stopped listening on port 61924
1624278840627	geckodriver	INFO	Listening on 127.0.0.1:60452
1624278843674	mozrunner::runner	INFO	Running command: "C:\\Program Files\\Mozilla Firefox\\firefox.exe" "--marionette" "-foreground" "-no-remote" "-profile" "C:\\Users\\szpet\\AppData\\Local\\Temp\\rust_mozprofilerZgyQA"
1624278844155	Marionette	INFO	Marionette enabled
console.warn: SearchSettings: "get: No settings file exists, new profile?" (new NotFoundError("Could not open the file at C:\\Users\\szpet\\AppData\\Local\\Temp\\rust_mozprofilerZgyQA\\search.json.mozlz4", (void 0)))
1624278847067	Marionette	INFO	Listening on port 61294
1624278847367	Marionette	WARN	TLS certificate errors will be ignored for this session
JavaScript warning: https://ajax.googleapis.com/ajax/libs/jquery/2.0.3/jquery.min.js, line 2: Using //@ to indicate sourceMappingURL pragmas is deprecated. Use //# instead
JavaScript warning: https://ajax.googleapis.com/ajax/libs/jquery/2.0.3/jquery.min.js, line 2: Using //@ to indicate sourceMappingURL pragmas is deprecated. Use //# instead
JavaScript warning: https://secure-us.imrworldwide.com/novms/js/2/ggcmb390.js, line 1: unreachable code after return statement
JavaScript error: resource://devtools/server/actors/network-monitor/network-event-actor.js, line 108: Error: Got a request https://www.gstatic.com/recaptcha/releases/FDTCuNjXhn1sV0lk31aK53uB/styles__ltr.css without a browsingContextID set
SourceActor threw an exception: [Exception... "Component returned failure code: 0x80470002 (NS_BASE_STREAM_CLOSED) [nsIInputStream.available]"  nsresult: "0x80470002 (NS_BASE_STREAM_CLOSED)"  location: "JS frame :: resource://devtools/shared/DevToolsUtils.js :: onResponse :: line 567"  data: no]
Stack: onResponse@resource://devtools/shared/DevToolsUtils.js:567:34
onStopRequest@resource://gre/modules/NetUtil.jsm:128:18
Line: 567, column: 0
console.error: ({})
JavaScript error: resource://devtools/shared/DevToolsUtils.js, line 567: NS_BASE_STREAM_CLOSED: Component returned failure code: 0x80470002 (NS_BASE_STREAM_CLOSED) [nsIInputStream.available]
SourceActor threw an exception: [Exception... "Component returned failure code: 0x80470002 (NS_BASE_STREAM_CLOSED) [nsIInputStream.available]"  nsresult: "0x80470002 (NS_BASE_STREAM_CLOSED)"  location: "JS frame :: resource://devtools/shared/DevToolsUtils.js :: onResponse :: line 567"  data: no]
Stack: onResponse@resource://devtools/shared/DevToolsUtils.js:567:34
onStopRequest@resource://gre/modules/NetUtil.jsm:128:18
Line: 567, column: 0
console.error: ({})
JavaScript error: resource://devtools/shared/DevToolsUtils.js, line 567: NS_BASE_STREAM_CLOSED: Component returned failure code: 0x80470002 (NS_BASE_STREAM_CLOSED) [nsIInputStream.available]
JavaScript error: resource://devtools/server/actors/network-monitor/network-event-actor.js, line 108: Error: Got a request https://static-mh.content.disney.io/starwars/assets/application-95064a91d0d0.css without a browsingContextID set
JavaScript error: resource://devtools/server/actors/network-monitor/network-event-actor.js, line 108: Error: Got a request https://static-mh.content.disney.io/starwars/assets/modals-41174f76c6de.css without a browsingContextID set
JavaScript error: resource://devtools/server/actors/network-monitor/network-event-actor.js, line 108: Error: Got a request https://static-mh.content.disney.io/starwars/assets/modules-a0a3c7fa4f8f.css without a browsingContextID set
JavaScript error: resource://devtools/server/actors/network-monitor/network-event-actor.js, line 108: Error: Got a request https://static-mh.content.disney.io/starwars/assets/portals/www.starwars.com/application-d41d8cd98f00.css without a browsingContextID set
JavaScript error: resource://devtools/server/actors/network-monitor/network-event-actor.js, line 108: Error: Got a request https://static-mh.content.disney.io/matterhorn/assets/goc/basic-9413d7f28cf5.css without a browsingContextID set
1624278897083	Marionette	INFO	Stopped listening on port 61294

###!!! [Child][RunMessage] Error: Channel closing: too late to send/recv, messages will be lost

1624278900377	geckodriver	INFO	Listening on 127.0.0.1:52169
1624278903417	mozrunner::runner	INFO	Running command: "C:\\Program Files\\Mozilla Firefox\\firefox.exe" "--marionette" "-foreground" "-no-remote" "-profile" "C:\\Users\\szpet\\AppData\\Local\\Temp\\rust_mozprofilekixUHF"
1624278903899	Marionette	INFO	Marionette enabled
console.warn: SearchSettings: "get: No settings file exists, new profile?" (new NotFoundError("Could not open the file at C:\\Users\\szpet\\AppData\\Local\\Temp\\rust_mozprofilekixUHF\\search.json.mozlz4", (void 0)))
1624278906949	Marionette	INFO	Listening on port 55882
1624278907111	Marionette	WARN	TLS certificate errors will be ignored for this session
JavaScript warning: https://ajax.googleapis.com/ajax/libs/jquery/2.0.3/jquery.min.js, line 2: Using //@ to indicate sourceMappingURL pragmas is deprecated. Use //# instead
JavaScript warning: https://ajax.googleapis.com/ajax/libs/jquery/2.0.3/jquery.min.js, line 2: Using //@ to indicate sourceMappingURL pragmas is deprecated. Use //# instead
JavaScript warning: https://secure-us.imrworldwide.com/novms/js/2/ggcmb390.js, line 1: unreachable code after return statement
1624278946415	Marionette	INFO	Stopped listening on port 55882

###!!! [Child][RunMessage] Error: Channel closing: too late to send/recv, messages will be lost

1624278950677	geckodriver	INFO	Listening on 127.0.0.1:59334
1624278953754	mozrunner::runner	INFO	Running command: "C:\\Program Files\\Mozilla Firefox\\firefox.exe" "--marionette" "-foreground" "-no-remote" "-profile" "C:\\Users\\szpet\\AppData\\Local\\Temp\\rust_mozprofileZVLVeB"
1624278954225	Marionette	INFO	Marionette enabled
console.warn: SearchSettings: "get: No settings file exists, new profile?" (new NotFoundError("Could not open the file at C:\\Users\\szpet\\AppData\\Local\\Temp\\rust_mozprofileZVLVeB\\search.json.mozlz4", (void 0)))
1624278957110	Marionette	INFO	Listening on port 51387
1624278957442	Marionette	WARN	TLS certificate errors will be ignored for this session
JavaScript warning: https://ajax.googleapis.com/ajax/libs/jquery/2.0.3/jquery.min.js, line 2: Using //@ to indicate sourceMappingURL pragmas is deprecated. Use //# instead
JavaScript warning: https://ajax.googleapis.com/ajax/libs/jquery/2.0.3/jquery.min.js, line 2: Using //@ to indicate sourceMappingURL pragmas is deprecated. Use //# instead
JavaScript warning: https://secure-us.imrworldwide.com/novms/js/2/ggcmb390.js, line 1: unreachable code after return statement
SourceActor threw an exception: [Exception... "Component returned failure code: 0x80470002 (NS_BASE_STREAM_CLOSED) [nsIInputStream.available]"  nsresult: "0x80470002 (NS_BASE_STREAM_CLOSED)"  location: "JS frame :: resource://devtools/shared/DevToolsUtils.js :: onResponse :: line 567"  data: no]
Stack: onResponse@resource://devtools/shared/DevToolsUtils.js:567:34
onStopRequest@resource://gre/modules/NetUtil.jsm:128:18
Line: 567, column: 0
console.error: ({})
JavaScript error: resource://devtools/shared/DevToolsUtils.js, line 567: NS_BASE_STREAM_CLOSED: Component returned failure code: 0x80470002 (NS_BASE_STREAM_CLOSED) [nsIInputStream.available]
JavaScript error: resource://devtools/server/actors/network-monitor/network-event-actor.js, line 108: Error: Got a request https://www.gstatic.com/recaptcha/releases/FDTCuNjXhn1sV0lk31aK53uB/styles__ltr.css without a browsingContextID set
JavaScript error: resource://devtools/server/actors/network-monitor/network-event-actor.js, line 108: Error: Got a request https://static-mh.content.disney.io/starwars/assets/application-95064a91d0d0.css without a browsingContextID set
JavaScript error: resource://devtools/server/actors/network-monitor/network-event-actor.js, line 108: Error: Got a request https://static-mh.content.disney.io/starwars/assets/modals-41174f76c6de.css without a browsingContextID set
JavaScript error: resource://devtools/server/actors/network-monitor/network-event-actor.js, line 108: Error: Got a request https://static-mh.content.disney.io/starwars/assets/modules-a0a3c7fa4f8f.css without a browsingContextID set
JavaScript error: resource://devtools/server/actors/network-monitor/network-event-actor.js, line 108: Error: Got a request https://static-mh.content.disney.io/starwars/assets/portals/www.starwars.com/application-d41d8cd98f00.css without a browsingContextID set
JavaScript error: resource://devtools/server/actors/network-monitor/network-event-actor.js, line 108: Error: Got a request https://static-mh.content.disney.io/matterhorn/assets/goc/basic-9413d7f28cf5.css without a browsingContextID set
SourceActor threw an exception: [Exception... "Component returned failure code: 0x80470002 (NS_BASE_STREAM_CLOSED) [nsIInputStream.available]"  nsresult: "0x80470002 (NS_BASE_STREAM_CLOSED)"  location: "JS frame :: resource://devtools/shared/DevToolsUtils.js :: onResponse :: line 567"  data: no]
Stack: onResponse@resource://devtools/shared/DevToolsUtils.js:567:34
onStopRequest@resource://gre/modules/NetUtil.jsm:128:18
Line: 567, column: 0
console.error: ({})
JavaScript error: resource://devtools/shared/DevToolsUtils.js, line 567: NS_BASE_STREAM_CLOSED: Component returned failure code: 0x80470002 (NS_BASE_STREAM_CLOSED) [nsIInputStream.available]
JavaScript warning: https://ajax.googleapis.com/ajax/libs/jquery/2.0.3/jquery.min.js, line 2: Using //@ to indicate sourceMappingURL pragmas is deprecated. Use //# instead
JavaScript warning: https://ajax.googleapis.com/ajax/libs/jquery/2.0.3/jquery.min.js, line 2: Using //@ to indicate sourceMappingURL pragmas is deprecated. Use //# instead
JavaScript warning: https://secure-us.imrworldwide.com/novms/js/2/ggcmb390.js, line 1: unreachable code after return statement
[Child 17668, IPC I/O Child] WARNING: pipe error: 232: file /builds/worker/checkouts/gecko/ipc/chromium/src/chrome/common/ipc_channel_win.cc:544
[Child 17668, IPC I/O Child] WARNING: pipe error: 232: file /builds/worker/checkouts/gecko/ipc/chromium/src/chrome/common/ipc_channel_win.cc:544
[Child 17668, IPC I/O Child] WARNING: pipe error: 232: file /builds/worker/checkouts/gecko/ipc/chromium/src/chrome/common/ipc_channel_win.cc:544
[Child 17668, IPC I/O Child] WARNING: pipe error: 232: file /builds/worker/checkouts/gecko/ipc/chromium/src/chrome/common/ipc_channel_win.cc:544
1624279190940	Marionette	INFO	Stopped listening on port 51387
te errors will be ignored for this session
JavaScript warning: https://ajax.googleapis.com/ajax/libs/jquery/2.0.3/jquery.min.js, line 2: Using //@ to indicate sourceMappingURL pragmas is deprecated. Use //# instead
JavaScript warning: https://ajax.googleapis.com/ajax/libs/jquery/2.0.3/jquery.min.js, line 2: Using //@ to indicate sourceMappingURL pragmas is deprecated. Use //# instead
JavaScript warning: https://secure-us.imrworldwide.com/novms/js/2/ggcmb390.js, line 1: unreachable code after return statement
JavaScript warning: https://ajax.googleapis.com/ajax/libs/jquery/2.0.3/jquery.min.js, line 2: Using //@ to indicate sourceMappingURL pragmas is deprecated. Use //# instead
JavaScript warning: https://ajax.googleapis.com/ajax/libs/jquery/2.0.3/jquery.min.js, line 2: Using //@ to indicate sourceMappingURL pragmas is deprecated. Use //# instead
JavaScript warning: https://secure-us.imrworldwide.com/novms/js/2/ggcmb390.js, line 1: unreachable code after return statement
1624279192159	Marionette	INFO	Stopped listening on port 60108

###!!! [Child][RunMessage] Error: Channel closing: too late to send/recv, messages will be lost

1624279811679	geckodriver	INFO	Listening on 127.0.0.1:64912
1624279814741	mozrunner::runner	INFO	Running command: "C:\\Program Files\\Mozilla Firefox\\firefox.exe" "--marionette" "-foreground" "-no-remote" "-profile" "C:\\Users\\szpet\\AppData\\Local\\Temp\\rust_mozprofileMoUI3C"
1624279815226	Marionette	INFO	Marionette enabled
console.warn: SearchSettings: "get: No settings file exists, new profile?" (new NotFoundError("Could not open the file at C:\\Users\\szpet\\AppData\\Local\\Temp\\rust_mozprofileMoUI3C\\search.json.mozlz4", (void 0)))
1624279818285	Marionette	INFO	Listening on port 51690
1624279818418	Marionette	WARN	TLS certificate errors will be ignored for this session
JavaScript warning: https://ajax.googleapis.com/ajax/libs/jquery/2.0.3/jquery.min.js, line 2: Using //@ to indicate sourceMappingURL pragmas is deprecated. Use //# instead
JavaScript warning: https://ajax.googleapis.com/ajax/libs/jquery/2.0.3/jquery.min.js, line 2: Using //@ to indicate sourceMappingURL pragmas is deprecated. Use //# instead
JavaScript warning: https://secure-us.imrworldwide.com/novms/js/2/ggcmb390.js, line 1: unreachable code after return statement
JavaScript error: , line 0: uncaught exception: undefined
JavaScript warning: https://ajax.googleapis.com/ajax/libs/jquery/2.0.3/jquery.min.js, line 2: Using //@ to indicate sourceMappingURL pragmas is deprecated. Use //# instead
JavaScript warning: https://ajax.googleapis.com/ajax/libs/jquery/2.0.3/jquery.min.js, line 2: Using //@ to indicate sourceMappingURL pragmas is deprecated. Use //# instead
JavaScript warning: https://secure-us.imrworldwide.com/novms/js/2/ggcmb390.js, line 1: unreachable code after return statement
JavaScript error: resource://devtools/server/actors/network-monitor/network-event-actor.js, line 108: Error: Got a request https://www.gstatic.com/recaptcha/releases/FDTCuNjXhn1sV0lk31aK53uB/styles__ltr.css without a browsingContextID set
SourceActor threw an exception: [Exception... "Component returned failure code: 0x80470002 (NS_BASE_STREAM_CLOSED) [nsIInputStream.available]"  nsresult: "0x80470002 (NS_BASE_STREAM_CLOSED)"  location: "JS frame :: resource://devtools/shared/DevToolsUtils.js :: onResponse :: line 567"  data: no]
Stack: onResponse@resource://devtools/shared/DevToolsUtils.js:567:34
onStopRequest@resource://gre/modules/NetUtil.jsm:128:18
Line: 567, column: 0
console.error: ({})
JavaScript error: resource://devtools/shared/DevToolsUtils.js, line 567: NS_BASE_STREAM_CLOSED: Component returned failure code: 0x80470002 (NS_BASE_STREAM_CLOSED) [nsIInputStream.available]
SourceActor threw an exception: [Exception... "Component returned failure code: 0x80470002 (NS_BASE_STREAM_CLOSED) [nsIInputStream.available]"  nsresult: "0x80470002 (NS_BASE_STREAM_CLOSED)"  location: "JS frame :: resource://devtools/shared/DevToolsUtils.js :: onResponse :: line 567"  data: no]
Stack: onResponse@resource://devtools/shared/DevToolsUtils.js:567:34
onStopRequest@resource://gre/modules/NetUtil.jsm:128:18
Line: 567, column: 0
console.error: ({})
JavaScript error: resource://devtools/shared/DevToolsUtils.js, line 567: NS_BASE_STREAM_CLOSED: Component returned failure code: 0x80470002 (NS_BASE_STREAM_CLOSED) [nsIInputStream.available]
JavaScript error: resource://devtools/server/actors/network-monitor/network-event-actor.js, line 108: Error: Got a request https://static-mh.content.disney.io/starwars/assets/application-95064a91d0d0.css without a browsingContextID set
JavaScript error: resource://devtools/server/actors/network-monitor/network-event-actor.js, line 108: Error: Got a request https://static-mh.content.disney.io/starwars/assets/modals-41174f76c6de.css without a browsingContextID set
JavaScript error: resource://devtools/server/actors/network-monitor/network-event-actor.js, line 108: Error: Got a request https://static-mh.content.disney.io/starwars/assets/modules-a0a3c7fa4f8f.css without a browsingContextID set
JavaScript error: resource://devtools/server/actors/network-monitor/network-event-actor.js, line 108: Error: Got a request https://static-mh.content.disney.io/starwars/assets/portals/www.starwars.com/application-d41d8cd98f00.css without a browsingContextID set
JavaScript error: resource://devtools/server/actors/network-monitor/network-event-actor.js, line 108: Error: Got a request https://static-mh.content.disney.io/matterhorn/assets/goc/basic-9413d7f28cf5.css without a browsingContextID set
console.error: "Error while calling actor 'pagestyle's method 'getLayout'" "node is null"
console.error: (new TypeError("node is null", "resource://devtools/server/actors/page-style.js", 1001))
console.error: (new Error("Protocol error (TypeError): node is null from: server0.conn0.child4/pagestyle25 (resource://devtools/server/actors/page-style.js:1001:5)", "resource://devtools/shared/protocol/Front.js", 365))
console.error: "Error while calling actor 'layout's method 'getGrids'" "node is null"
console.error: (new TypeError("node is null", "resource://devtools/server/actors/layout.js", 502))
JavaScript warning: https://secure-us.imrworldwide.com/novms/js/2/ggcmb390.js, line 1: unreachable code after return statement
console.error: "Error while calling actor 'layout's method 'getGrids'" "node is null"
console.error: (new TypeError("node is null", "resource://devtools/server/actors/layout.js", 502))
JavaScript warning: https://secure-us.imrworldwide.com/novms/js/2/ggcmb390.js, line 1: unreachable code after return statement
1624280094031	Marionette	INFO	Stopped listening on port 51690

###!!! [Child][RunMessage] Error: Channel closing: too late to send/recv, messages will be lost

